time=2025-09-23T23:41:00.581+04:00 level=INFO source=/Users/addspin/go/tlss/utils/logger.go:120 msg="Логирование настроено" level=info format=text output=file file=logs/tlss.log
time=2025-09-23T23:41:00.582+04:00 level=INFO source=/Users/addspin/go/tlss/main.go:65 msg="Подключение к базе данных успешно" database=./db/database.db
All TLSS certificates for SSH - already exist
ExtractCA: промежуточный CA сертификат и ключ успешно извлечены
combined CRL: Генерируем CRL для Root CA и Sub CA
CheckValidCerts: Запуск модуля проверки валидности сертификатов
CheckMonitor: Запуск модуля мониторинга
CheckMonitor TCP: Чекер работает
CheckMonitor: Мониторинг выполняется
CheckMonitor RecreateCerts: Время разницы: 17.041µs
CheckMonitor RecreateCerts: Чекер работает
CheckMonitor CheckValidCerts: Время разницы: 43.375µs
CheckMonitor CheckValidCerts: Чекер работает
CheckValidCerts: Проверка валидности сертификатов начата
RecreateCerts: Запуск модуля повторного создания сертификатов
RecreateCerts: Проверка на пересоздание CA сертификатов завершена
RecreateCerts: Проверка на пересоздание серверных сертификатов завершена
RecreateCerts: Проверка на пересоздание пользовательских сертификатов завершена
CheckValidCerts: Найдено действующих сертификатов для проверки: серверные=2, пользовательские=2, CA=2, итого=6
CheckValidCerts: Сертификат TLSS Root CA (ID: 1), срок действия до: 2026-09-14T16:45:14+04:00, осталось дней: 355
CheckValidCerts: Сертификат TLSS Sub CA (ID: 2), срок действия до: 2026-09-14T16:45:15+04:00, осталось дней: 355
CheckValidCerts: Сертификат test.ru (ID: 1), срок действия до: 2026-09-15T08:36:39+04:00, осталось дней: 356
CheckValidCerts: Сертификат test33.ru (ID: 3), срок действия до: 2026-09-15T08:40:41+04:00, осталось дней: 356
CheckValidCerts: Сертификат TEST WEB (ID: 1), срок действия до: 2026-09-17T23:10:00+04:00, осталось дней: 358
CheckValidCerts: Сертификат asdf (ID: 2), срок действия до: 2026-09-17T23:10:04+04:00, осталось дней: 358
CheckValidCerts: Проверка валидности сертификатов завершена. Обновлены days_left для всех сертификатов. Обновлено статусов (истёкших): 0
time=2025-09-23T23:41:02.244+04:00 level=INFO source=/Users/addspin/go/tlss/main.go:369 msg="Запуск TLSS сервера с HTTPS" address=tlss.lv.local:43000 cert_file=./https/tlss.lv.local.pem key_file=./https/tlss.lv.local.key
sub CA CRL: Успешно сгенерирован CRL с 1 отозванными сертификатами
Root CA CRL: Успешно сгенерирован с 0 отозванными Sub CA сертификатами
CheckMonitor TCP: Чекер не работает
CheckMonitor: Мониторинг выполняется
RecreateCerts: Запуск проверки на пересоздание сертификатов
CheckMonitor RecreateCerts: Время разницы: 5.000164583s
CheckMonitor RecreateCerts: Чекер не работает
RecreateCerts: Проверка на пересоздание CA сертификатов завершена
RecreateCerts: Проверка на пересоздание серверных сертификатов завершена
RecreateCerts: Проверка на пересоздание пользовательских сертификатов завершена
TCP checker: Проверка доступности серверов началась
CheckMonitor TCP: Чекер не работает
CheckMonitor: Мониторинг выполняется
CheckMonitor RecreateCerts: Время разницы: 4.997973916s
CheckMonitor RecreateCerts: Чекер работает
RecreateCerts: Запуск проверки на пересоздание сертификатов
TCP checker: В базе данных нет серверов для проверки
RecreateCerts: Проверка на пересоздание CA сертификатов завершена
RecreateCerts: Проверка на пересоздание серверных сертификатов завершена
RecreateCerts: Проверка на пересоздание пользовательских сертификатов завершена
CheckMonitor TCP: Чекер работает
CheckMonitor: Мониторинг выполняется
CheckMonitor RecreateCerts: Время разницы: 4.999074541s
CheckMonitor RecreateCerts: Чекер работает
RecreateCerts: Запуск проверки на пересоздание сертификатов
RecreateCerts: Проверка на пересоздание CA сертификатов завершена
RecreateCerts: Проверка на пересоздание серверных сертификатов завершена
RecreateCerts: Проверка на пересоздание пользовательских сертификатов завершена
TCP checker: Проверка доступности серверов началась
CheckMonitor TCP: Чекер не работает
CheckMonitor: Мониторинг выполняется
CheckMonitor RecreateCerts: Время разницы: 4.997647s
CheckMonitor RecreateCerts: Чекер работает
RecreateCerts: Запуск проверки на пересоздание сертификатов
TCP checker: В базе данных нет серверов для проверки
RecreateCerts: Проверка на пересоздание CA сертификатов завершена
RecreateCerts: Проверка на пересоздание серверных сертификатов завершена
RecreateCerts: Проверка на пересоздание пользовательских сертификатов завершена
CheckMonitor TCP: Чекер работает
CheckMonitor: Мониторинг выполняется
RecreateCerts: Запуск проверки на пересоздание сертификатов
CheckMonitor RecreateCerts: Время разницы: 4.998534083s
CheckMonitor RecreateCerts: Чекер работает
RecreateCerts: Проверка на пересоздание CA сертификатов завершена
RecreateCerts: Проверка на пересоздание серверных сертификатов завершена
RecreateCerts: Проверка на пересоздание пользовательских сертификатов завершена
TCP checker: Проверка доступности серверов началась
CheckMonitor TCP: Чекер не работает
CheckMonitor: Мониторинг выполняется
CheckMonitor CheckValidCerts: Время разницы: 29.9998015s
CheckMonitor CheckValidCerts: Чекер работает
CheckMonitor RecreateCerts: Время разницы: 4.998094542s
CheckMonitor RecreateCerts: Чекер работает
RecreateCerts: Запуск проверки на пересоздание сертификатов
CheckValidCerts: Проверка валидности сертификатов начата
TCP checker: В базе данных нет серверов для проверки
RecreateCerts: Проверка на пересоздание CA сертификатов завершена
RecreateCerts: Проверка на пересоздание серверных сертификатов завершена
RecreateCerts: Проверка на пересоздание пользовательских сертификатов завершена
CheckValidCerts: Найдено действующих сертификатов для проверки: серверные=2, пользовательские=2, CA=2, итого=6
CheckValidCerts: Сертификат TLSS Root CA (ID: 1), срок действия до: 2026-09-14T16:45:14+04:00, осталось дней: 355
CheckValidCerts: Сертификат TLSS Sub CA (ID: 2), срок действия до: 2026-09-14T16:45:15+04:00, осталось дней: 355
CheckValidCerts: Сертификат test.ru (ID: 1), срок действия до: 2026-09-15T08:36:39+04:00, осталось дней: 356
CheckValidCerts: Сертификат test33.ru (ID: 3), срок действия до: 2026-09-15T08:40:41+04:00, осталось дней: 356
CheckValidCerts: Сертификат TEST WEB (ID: 1), срок действия до: 2026-09-17T23:10:00+04:00, осталось дней: 358
CheckValidCerts: Сертификат asdf (ID: 2), срок действия до: 2026-09-17T23:10:04+04:00, осталось дней: 358
CheckValidCerts: Проверка валидности сертификатов завершена. Обновлены days_left для всех сертификатов. Обновлено статусов (истёкших): 0
CheckMonitor TCP: Чекер работает
CheckMonitor: Мониторинг выполняется
CheckMonitor RecreateCerts: Время разницы: 4.998651041s
CheckMonitor RecreateCerts: Чекер работает
RecreateCerts: Запуск проверки на пересоздание сертификатов
RecreateCerts: Проверка на пересоздание CA сертификатов завершена
RecreateCerts: Проверка на пересоздание серверных сертификатов завершена
RecreateCerts: Проверка на пересоздание пользовательских сертификатов завершена
CheckMonitor TCP: Чекер не работает
CheckMonitor: Мониторинг выполняется
TCP checker: Проверка доступности серверов началась
CheckMonitor RecreateCerts: Время разницы: 4.998413708s
CheckMonitor RecreateCerts: Чекер работает
TCP checker: В базе данных нет серверов для проверки
RecreateCerts: Запуск проверки на пересоздание сертификатов
RecreateCerts: Проверка на пересоздание CA сертификатов завершена
RecreateCerts: Проверка на пересоздание серверных сертификатов завершена
RecreateCerts: Проверка на пересоздание пользовательских сертификатов завершена
CheckMonitor TCP: Чекер работает
CheckMonitor: Мониторинг выполняется
CheckMonitor RecreateCerts: Время разницы: 4.999233458s
CheckMonitor RecreateCerts: Чекер работает
RecreateCerts: Запуск проверки на пересоздание сертификатов
RecreateCerts: Проверка на пересоздание CA сертификатов завершена
RecreateCerts: Проверка на пересоздание серверных сертификатов завершена
RecreateCerts: Проверка на пересоздание пользовательских сертификатов завершена
CheckMonitor TCP: Чекер не работает
CheckMonitor: Мониторинг выполняется
TCP checker: Проверка доступности серверов началась
CheckMonitor RecreateCerts: Время разницы: 4.99914425s
CheckMonitor RecreateCerts: Чекер работает
RecreateCerts: Запуск проверки на пересоздание сертификатов
TCP checker: В базе данных нет серверов для проверки
RecreateCerts: Проверка на пересоздание CA сертификатов завершена
RecreateCerts: Проверка на пересоздание серверных сертификатов завершена
RecreateCerts: Проверка на пересоздание пользовательских сертификатов завершена
CheckMonitor TCP: Чекер работает
CheckMonitor: Мониторинг выполняется
CheckMonitor RecreateCerts: Время разницы: 4.998617542s
CheckMonitor RecreateCerts: Чекер работает
RecreateCerts: Запуск проверки на пересоздание сертификатов
RecreateCerts: Проверка на пересоздание CA сертификатов завершена
RecreateCerts: Проверка на пересоздание серверных сертификатов завершена
RecreateCerts: Проверка на пересоздание пользовательских сертификатов завершена
TCP checker: Проверка доступности серверов началась
CheckMonitor TCP: Чекер не работает
CheckMonitor: Мониторинг выполняется
CheckMonitor CheckValidCerts: Время разницы: 29.99771975s
CheckMonitor CheckValidCerts: Чекер работает
CheckMonitor RecreateCerts: Время разницы: 4.99912675s
CheckMonitor RecreateCerts: Чекер работает
TCP checker: В базе данных нет серверов для проверки
RecreateCerts: Запуск проверки на пересоздание сертификатов
CheckValidCerts: Проверка валидности сертификатов начата
RecreateCerts: Проверка на пересоздание CA сертификатов завершена
RecreateCerts: Проверка на пересоздание серверных сертификатов завершена
CheckValidCerts: Найдено действующих сертификатов для проверки: серверные=2, пользовательские=2, CA=2, итого=6
CheckValidCerts: Сертификат TLSS Root CA (ID: 1), срок действия до: 2026-09-14T16:45:14+04:00, осталось дней: 355
RecreateCerts: Проверка на пересоздание пользовательских сертификатов завершена
CheckValidCerts: Сертификат TLSS Sub CA (ID: 2), срок действия до: 2026-09-14T16:45:15+04:00, осталось дней: 355
CheckValidCerts: Сертификат test.ru (ID: 1), срок действия до: 2026-09-15T08:36:39+04:00, осталось дней: 356
CheckValidCerts: Сертификат test33.ru (ID: 3), срок действия до: 2026-09-15T08:40:41+04:00, осталось дней: 356
CheckValidCerts: Сертификат TEST WEB (ID: 1), срок действия до: 2026-09-17T23:10:00+04:00, осталось дней: 358
CheckValidCerts: Сертификат asdf (ID: 2), срок действия до: 2026-09-17T23:10:04+04:00, осталось дней: 358
CheckValidCerts: Проверка валидности сертификатов завершена. Обновлены days_left для всех сертификатов. Обновлено статусов (истёкших): 0
CheckMonitor TCP: Чекер работает
CheckMonitor: Мониторинг выполняется
RecreateCerts: Запуск проверки на пересоздание сертификатов
CheckMonitor RecreateCerts: Время разницы: 4.997844791s
CheckMonitor RecreateCerts: Чекер работает
RecreateCerts: Проверка на пересоздание CA сертификатов завершена
RecreateCerts: Проверка на пересоздание серверных сертификатов завершена
RecreateCerts: Проверка на пересоздание пользовательских сертификатов завершена
TCP checker: Проверка доступности серверов началась
CheckMonitor TCP: Чекер не работает
CheckMonitor: Мониторинг выполняется
CheckMonitor RecreateCerts: Время разницы: 4.99838575s
CheckMonitor RecreateCerts: Чекер работает
TCP checker: В базе данных нет серверов для проверки
RecreateCerts: Запуск проверки на пересоздание сертификатов
RecreateCerts: Проверка на пересоздание CA сертификатов завершена
RecreateCerts: Проверка на пересоздание серверных сертификатов завершена
RecreateCerts: Проверка на пересоздание пользовательских сертификатов завершена
CheckMonitor TCP: Чекер работает
CheckMonitor: Мониторинг выполняется
RecreateCerts: Запуск проверки на пересоздание сертификатов
CheckMonitor RecreateCerts: Время разницы: 4.999286209s
CheckMonitor RecreateCerts: Чекер работает
RecreateCerts: Проверка на пересоздание CA сертификатов завершена
RecreateCerts: Проверка на пересоздание серверных сертификатов завершена
RecreateCerts: Проверка на пересоздание пользовательских сертификатов завершена
TCP checker: Проверка доступности серверов началась
CheckMonitor TCP: Чекер не работает
CheckMonitor: Мониторинг выполняется
CheckMonitor RecreateCerts: Время разницы: 4.998031375s
CheckMonitor RecreateCerts: Чекер работает
RecreateCerts: Запуск проверки на пересоздание сертификатов
TCP checker: В базе данных нет серверов для проверки
RecreateCerts: Проверка на пересоздание CA сертификатов завершена
RecreateCerts: Проверка на пересоздание серверных сертификатов завершена
RecreateCerts: Проверка на пересоздание пользовательских сертификатов завершена
CheckMonitor TCP: Чекер работает
CheckMonitor: Мониторинг выполняется
RecreateCerts: Запуск проверки на пересоздание сертификатов
CheckMonitor RecreateCerts: Время разницы: 4.998339542s
CheckMonitor RecreateCerts: Чекер работает
RecreateCerts: Проверка на пересоздание CA сертификатов завершена
RecreateCerts: Проверка на пересоздание серверных сертификатов завершена
RecreateCerts: Проверка на пересоздание пользовательских сертификатов завершена
CheckMonitor TCP: Чекер не работает
CheckMonitor: Мониторинг выполняется
TCP checker: Проверка доступности серверов началась
CheckMonitor CheckValidCerts: Время разницы: 29.997132417s
CheckMonitor CheckValidCerts: Чекер работает
CheckMonitor RecreateCerts: Время разницы: 4.998321584s
CheckMonitor RecreateCerts: Чекер работает
CheckValidCerts: Проверка валидности сертификатов начата
RecreateCerts: Запуск проверки на пересоздание сертификатов
TCP checker: В базе данных нет серверов для проверки
RecreateCerts: Проверка на пересоздание CA сертификатов завершена
RecreateCerts: Проверка на пересоздание серверных сертификатов завершена
RecreateCerts: Проверка на пересоздание пользовательских сертификатов завершена
CheckValidCerts: Найдено действующих сертификатов для проверки: серверные=2, пользовательские=2, CA=2, итого=6
CheckValidCerts: Сертификат TLSS Root CA (ID: 1), срок действия до: 2026-09-14T16:45:14+04:00, осталось дней: 355
CheckValidCerts: Сертификат TLSS Sub CA (ID: 2), срок действия до: 2026-09-14T16:45:15+04:00, осталось дней: 355
CheckValidCerts: Сертификат test.ru (ID: 1), срок действия до: 2026-09-15T08:36:39+04:00, осталось дней: 356
CheckValidCerts: Сертификат test33.ru (ID: 3), срок действия до: 2026-09-15T08:40:41+04:00, осталось дней: 356
CheckValidCerts: Сертификат TEST WEB (ID: 1), срок действия до: 2026-09-17T23:10:00+04:00, осталось дней: 358
CheckValidCerts: Сертификат asdf (ID: 2), срок действия до: 2026-09-17T23:10:04+04:00, осталось дней: 358
CheckValidCerts: Проверка валидности сертификатов завершена. Обновлены days_left для всех сертификатов. Обновлено статусов (истёкших): 0
CheckMonitor TCP: Чекер работает
CheckMonitor: Мониторинг выполняется
CheckMonitor RecreateCerts: Время разницы: 4.997552792s
CheckMonitor RecreateCerts: Чекер работает
RecreateCerts: Запуск проверки на пересоздание сертификатов
RecreateCerts: Проверка на пересоздание CA сертификатов завершена
RecreateCerts: Проверка на пересоздание серверных сертификатов завершена
RecreateCerts: Проверка на пересоздание пользовательских сертификатов завершена
TCP checker: Проверка доступности серверов началась
CheckMonitor TCP: Чекер не работает
CheckMonitor: Мониторинг выполняется
CheckMonitor RecreateCerts: Время разницы: 4.998409833s
CheckMonitor RecreateCerts: Чекер работает
RecreateCerts: Запуск проверки на пересоздание сертификатов
TCP checker: В базе данных нет серверов для проверки
RecreateCerts: Проверка на пересоздание CA сертификатов завершена
RecreateCerts: Проверка на пересоздание серверных сертификатов завершена
RecreateCerts: Проверка на пересоздание пользовательских сертификатов завершена
CheckMonitor TCP: Чекер работает
CheckMonitor: Мониторинг выполняется
RecreateCerts: Запуск проверки на пересоздание сертификатов
CheckMonitor RecreateCerts: Время разницы: 4.998453917s
CheckMonitor RecreateCerts: Чекер работает
RecreateCerts: Проверка на пересоздание CA сертификатов завершена
RecreateCerts: Проверка на пересоздание серверных сертификатов завершена
RecreateCerts: Проверка на пересоздание пользовательских сертификатов завершена
CheckMonitor TCP: Чекер не работает
CheckMonitor: Мониторинг выполняется
TCP checker: Проверка доступности серверов началась
RecreateCerts: Запуск проверки на пересоздание сертификатов
CheckMonitor RecreateCerts: Время разницы: 4.998623791s
CheckMonitor RecreateCerts: Чекер работает
TCP checker: В базе данных нет серверов для проверки
RecreateCerts: Проверка на пересоздание CA сертификатов завершена
RecreateCerts: Проверка на пересоздание серверных сертификатов завершена
RecreateCerts: Проверка на пересоздание пользовательских сертификатов завершена
CheckMonitor TCP: Чекер работает
CheckMonitor: Мониторинг выполняется
RecreateCerts: Запуск проверки на пересоздание сертификатов
CheckMonitor RecreateCerts: Время разницы: 4.997821291s
CheckMonitor RecreateCerts: Чекер работает
RecreateCerts: Проверка на пересоздание CA сертификатов завершена
RecreateCerts: Проверка на пересоздание серверных сертификатов завершена
RecreateCerts: Проверка на пересоздание пользовательских сертификатов завершена
CheckMonitor TCP: Чекер не работает
CheckMonitor: Мониторинг выполняется
TCP checker: Проверка доступности серверов началась
CheckMonitor CheckValidCerts: Время разницы: 29.996599125s
CheckMonitor CheckValidCerts: Чекер работает
CheckMonitor RecreateCerts: Время разницы: 4.9986505s
CheckMonitor RecreateCerts: Чекер работает
RecreateCerts: Запуск проверки на пересоздание сертификатов
CheckValidCerts: Проверка валидности сертификатов начата
TCP checker: В базе данных нет серверов для проверки
RecreateCerts: Проверка на пересоздание CA сертификатов завершена
RecreateCerts: Проверка на пересоздание серверных сертификатов завершена
RecreateCerts: Проверка на пересоздание пользовательских сертификатов завершена
CheckValidCerts: Найдено действующих сертификатов для проверки: серверные=2, пользовательские=2, CA=2, итого=6
CheckValidCerts: Сертификат TLSS Root CA (ID: 1), срок действия до: 2026-09-14T16:45:14+04:00, осталось дней: 355
CheckValidCerts: Сертификат TLSS Sub CA (ID: 2), срок действия до: 2026-09-14T16:45:15+04:00, осталось дней: 355
CheckValidCerts: Сертификат test.ru (ID: 1), срок действия до: 2026-09-15T08:36:39+04:00, осталось дней: 356
CheckValidCerts: Сертификат test33.ru (ID: 3), срок действия до: 2026-09-15T08:40:41+04:00, осталось дней: 356
CheckValidCerts: Сертификат TEST WEB (ID: 1), срок действия до: 2026-09-17T23:10:00+04:00, осталось дней: 358
CheckValidCerts: Сертификат asdf (ID: 2), срок действия до: 2026-09-17T23:10:04+04:00, осталось дней: 358
CheckValidCerts: Проверка валидности сертификатов завершена. Обновлены days_left для всех сертификатов. Обновлено статусов (истёкших): 0
CheckMonitor TCP: Чекер работает
CheckMonitor: Мониторинг выполняется
CheckMonitor RecreateCerts: Время разницы: 4.998660125s
CheckMonitor RecreateCerts: Чекер работает
RecreateCerts: Запуск проверки на пересоздание сертификатов
RecreateCerts: Проверка на пересоздание CA сертификатов завершена
RecreateCerts: Проверка на пересоздание серверных сертификатов завершена
RecreateCerts: Проверка на пересоздание пользовательских сертификатов завершена
TCP checker: Проверка доступности серверов началась
CheckMonitor TCP: Чекер не работает
CheckMonitor: Мониторинг выполняется
CheckMonitor RecreateCerts: Время разницы: 4.996746041s
CheckMonitor RecreateCerts: Чекер работает
TCP checker: В базе данных нет серверов для проверки
RecreateCerts: Запуск проверки на пересоздание сертификатов
RecreateCerts: Проверка на пересоздание CA сертификатов завершена
RecreateCerts: Проверка на пересоздание серверных сертификатов завершена
RecreateCerts: Проверка на пересоздание пользовательских сертификатов завершена
CheckMonitor TCP: Чекер не работает
CheckMonitor: Мониторинг выполняется
CheckMonitor RecreateCerts: Время разницы: 4.999690208s
CheckMonitor RecreateCerts: Чекер работает
RecreateCerts: Запуск проверки на пересоздание сертификатов
RecreateCerts: Проверка на пересоздание CA сертификатов завершена
RecreateCerts: Проверка на пересоздание серверных сертификатов завершена
RecreateCerts: Проверка на пересоздание пользовательских сертификатов завершена
CheckMonitor TCP: Чекер не работает
CheckMonitor: Мониторинг выполняется
TCP checker: Проверка доступности серверов началась
CheckMonitor RecreateCerts: Время разницы: 4.998554166s
CheckMonitor RecreateCerts: Чекер работает
RecreateCerts: Запуск проверки на пересоздание сертификатов
TCP checker: В базе данных нет серверов для проверки
RecreateCerts: Проверка на пересоздание CA сертификатов завершена
RecreateCerts: Проверка на пересоздание серверных сертификатов завершена
RecreateCerts: Проверка на пересоздание пользовательских сертификатов завершена
CheckMonitor TCP: Чекер работает
CheckMonitor: Мониторинг выполняется
CheckMonitor RecreateCerts: Время разницы: 4.998997875s
CheckMonitor RecreateCerts: Чекер работает
RecreateCerts: Запуск проверки на пересоздание сертификатов
RecreateCerts: Проверка на пересоздание CA сертификатов завершена
RecreateCerts: Проверка на пересоздание серверных сертификатов завершена
RecreateCerts: Проверка на пересоздание пользовательских сертификатов завершена
TCP checker: Проверка доступности серверов началась
CheckMonitor TCP: Чекер не работает
CheckMonitor: Мониторинг выполняется
CheckMonitor CheckValidCerts: Время разницы: 29.998065375s
CheckMonitor CheckValidCerts: Чекер работает
CheckMonitor RecreateCerts: Время разницы: 4.998842333s
CheckMonitor RecreateCerts: Чекер работает
TCP checker: В базе данных нет серверов для проверки
RecreateCerts: Запуск проверки на пересоздание сертификатов
CheckValidCerts: Проверка валидности сертификатов начата
RecreateCerts: Проверка на пересоздание CA сертификатов завершена
CheckValidCerts: Найдено действующих сертификатов для проверки: серверные=2, пользовательские=2, CA=2, итого=6
CheckValidCerts: Сертификат TLSS Root CA (ID: 1), срок действия до: 2026-09-14T16:45:14+04:00, осталось дней: 355
RecreateCerts: Проверка на пересоздание серверных сертификатов завершена
RecreateCerts: Проверка на пересоздание пользовательских сертификатов завершена
CheckValidCerts: Сертификат TLSS Sub CA (ID: 2), срок действия до: 2026-09-14T16:45:15+04:00, осталось дней: 355
CheckValidCerts: Сертификат test.ru (ID: 1), срок действия до: 2026-09-15T08:36:39+04:00, осталось дней: 356
CheckValidCerts: Сертификат test33.ru (ID: 3), срок действия до: 2026-09-15T08:40:41+04:00, осталось дней: 356
CheckValidCerts: Сертификат TEST WEB (ID: 1), срок действия до: 2026-09-17T23:10:00+04:00, осталось дней: 358
CheckValidCerts: Сертификат asdf (ID: 2), срок действия до: 2026-09-17T23:10:04+04:00, осталось дней: 358
CheckValidCerts: Проверка валидности сертификатов завершена. Обновлены days_left для всех сертификатов. Обновлено статусов (истёкших): 0
CheckMonitor TCP: Чекер работает
CheckMonitor: Мониторинг выполняется
RecreateCerts: Запуск проверки на пересоздание сертификатов
CheckMonitor RecreateCerts: Время разницы: 4.999082083s
CheckMonitor RecreateCerts: Чекер работает
RecreateCerts: Проверка на пересоздание CA сертификатов завершена
RecreateCerts: Проверка на пересоздание серверных сертификатов завершена
RecreateCerts: Проверка на пересоздание пользовательских сертификатов завершена
TCP checker: Проверка доступности серверов началась
CheckMonitor TCP: Чекер не работает
CheckMonitor: Мониторинг выполняется
CheckMonitor RecreateCerts: Время разницы: 4.998399917s
CheckMonitor RecreateCerts: Чекер работает
RecreateCerts: Запуск проверки на пересоздание сертификатов
TCP checker: В базе данных нет серверов для проверки
RecreateCerts: Проверка на пересоздание CA сертификатов завершена
RecreateCerts: Проверка на пересоздание серверных сертификатов завершена
RecreateCerts: Проверка на пересоздание пользовательских сертификатов завершена
CheckMonitor TCP: Чекер работает
CheckMonitor: Мониторинг выполняется
CheckMonitor RecreateCerts: Время разницы: 4.997599959s
CheckMonitor RecreateCerts: Чекер работает
RecreateCerts: Запуск проверки на пересоздание сертификатов
RecreateCerts: Проверка на пересоздание CA сертификатов завершена
RecreateCerts: Проверка на пересоздание серверных сертификатов завершена
RecreateCerts: Проверка на пересоздание пользовательских сертификатов завершена
CheckMonitor TCP: Чекер не работает
CheckMonitor: Мониторинг выполняется
TCP checker: Проверка доступности серверов началась
CheckMonitor RecreateCerts: Время разницы: 4.997830791s
CheckMonitor RecreateCerts: Чекер работает
TCP checker: В базе данных нет серверов для проверки
RecreateCerts: Запуск проверки на пересоздание сертификатов
RecreateCerts: Проверка на пересоздание CA сертификатов завершена
RecreateCerts: Проверка на пересоздание серверных сертификатов завершена
RecreateCerts: Проверка на пересоздание пользовательских сертификатов завершена
CheckMonitor TCP: Чекер работает
CheckMonitor: Мониторинг выполняется
RecreateCerts: Запуск проверки на пересоздание сертификатов
CheckMonitor RecreateCerts: Время разницы: 4.999369167s
CheckMonitor RecreateCerts: Чекер работает
RecreateCerts: Проверка на пересоздание CA сертификатов завершена
RecreateCerts: Проверка на пересоздание серверных сертификатов завершена
RecreateCerts: Проверка на пересоздание пользовательских сертификатов завершена
CheckMonitor TCP: Чекер не работает
CheckMonitor: Мониторинг выполняется
TCP checker: Проверка доступности серверов началась
CheckMonitor RecreateCerts: Время разницы: 4.997594334s
CheckMonitor RecreateCerts: Чекер работает
CheckMonitor CheckValidCerts: Время разницы: 29.998529417s
CheckMonitor CheckValidCerts: Чекер работает
TCP checker: В базе данных нет серверов для проверки
RecreateCerts: Запуск проверки на пересоздание сертификатов
CheckValidCerts: Проверка валидности сертификатов начата
RecreateCerts: Проверка на пересоздание CA сертификатов завершена
RecreateCerts: Проверка на пересоздание серверных сертификатов завершена
RecreateCerts: Проверка на пересоздание пользовательских сертификатов завершена
CheckValidCerts: Найдено действующих сертификатов для проверки: серверные=2, пользовательские=2, CA=2, итого=6
CheckValidCerts: Сертификат TLSS Root CA (ID: 1), срок действия до: 2026-09-14T16:45:14+04:00, осталось дней: 355
CheckValidCerts: Сертификат TLSS Sub CA (ID: 2), срок действия до: 2026-09-14T16:45:15+04:00, осталось дней: 355
CheckValidCerts: Сертификат test.ru (ID: 1), срок действия до: 2026-09-15T08:36:39+04:00, осталось дней: 356
CheckValidCerts: Сертификат test33.ru (ID: 3), срок действия до: 2026-09-15T08:40:41+04:00, осталось дней: 356
CheckValidCerts: Сертификат TEST WEB (ID: 1), срок действия до: 2026-09-17T23:10:00+04:00, осталось дней: 358
CheckValidCerts: Сертификат asdf (ID: 2), срок действия до: 2026-09-17T23:10:04+04:00, осталось дней: 358
CheckValidCerts: Проверка валидности сертификатов завершена. Обновлены days_left для всех сертификатов. Обновлено статусов (истёкших): 0
CheckMonitor TCP: Чекер работает
RecreateCerts: Запуск проверки на пересоздание сертификатов
CheckMonitor: Мониторинг выполняется
CheckMonitor RecreateCerts: Время разницы: 4.999241416s
CheckMonitor RecreateCerts: Чекер работает
RecreateCerts: Проверка на пересоздание CA сертификатов завершена
RecreateCerts: Проверка на пересоздание серверных сертификатов завершена
RecreateCerts: Проверка на пересоздание пользовательских сертификатов завершена
CheckMonitor TCP: Чекер не работает
CheckMonitor: Мониторинг выполняется
TCP checker: Проверка доступности серверов началась
CheckMonitor RecreateCerts: Время разницы: 4.998124542s
CheckMonitor RecreateCerts: Чекер работает
RecreateCerts: Запуск проверки на пересоздание сертификатов
TCP checker: В базе данных нет серверов для проверки
RecreateCerts: Проверка на пересоздание CA сертификатов завершена
RecreateCerts: Проверка на пересоздание серверных сертификатов завершена
RecreateCerts: Проверка на пересоздание пользовательских сертификатов завершена
CheckMonitor TCP: Чекер работает
CheckMonitor: Мониторинг выполняется
CheckMonitor RecreateCerts: Время разницы: 4.998904875s
CheckMonitor RecreateCerts: Чекер работает
RecreateCerts: Запуск проверки на пересоздание сертификатов
RecreateCerts: Проверка на пересоздание CA сертификатов завершена
RecreateCerts: Проверка на пересоздание серверных сертификатов завершена
RecreateCerts: Проверка на пересоздание пользовательских сертификатов завершена
TCP checker: Проверка доступности серверов началась
CheckMonitor TCP: Чекер не работает
CheckMonitor: Мониторинг выполняется
CheckMonitor RecreateCerts: Время разницы: 4.999309834s
CheckMonitor RecreateCerts: Чекер работает
RecreateCerts: Запуск проверки на пересоздание сертификатов
TCP checker: В базе данных нет серверов для проверки
RecreateCerts: Проверка на пересоздание CA сертификатов завершена
RecreateCerts: Проверка на пересоздание серверных сертификатов завершена
RecreateCerts: Проверка на пересоздание пользовательских сертификатов завершена
CheckMonitor TCP: Чекер работает
CheckMonitor: Мониторинг выполняется
RecreateCerts: Запуск проверки на пересоздание сертификатов
CheckMonitor RecreateCerts: Время разницы: 4.998403s
CheckMonitor RecreateCerts: Чекер работает
RecreateCerts: Проверка на пересоздание CA сертификатов завершена
RecreateCerts: Проверка на пересоздание серверных сертификатов завершена
RecreateCerts: Проверка на пересоздание пользовательских сертификатов завершена
CheckMonitor TCP: Чекер не работает
CheckMonitor: Мониторинг выполняется
TCP checker: Проверка доступности серверов началась
CheckMonitor CheckValidCerts: Время разницы: 29.998239583s
CheckMonitor CheckValidCerts: Чекер работает
CheckMonitor RecreateCerts: Время разницы: 4.998324625s
CheckMonitor RecreateCerts: Чекер работает
RecreateCerts: Запуск проверки на пересоздание сертификатов
TCP checker: В базе данных нет серверов для проверки
CheckValidCerts: Проверка валидности сертификатов начата
RecreateCerts: Проверка на пересоздание CA сертификатов завершена
RecreateCerts: Проверка на пересоздание серверных сертификатов завершена
RecreateCerts: Проверка на пересоздание пользовательских сертификатов завершена
CheckValidCerts: Найдено действующих сертификатов для проверки: серверные=2, пользовательские=2, CA=2, итого=6
CheckValidCerts: Сертификат TLSS Root CA (ID: 1), срок действия до: 2026-09-14T16:45:14+04:00, осталось дней: 355
CheckValidCerts: Сертификат TLSS Sub CA (ID: 2), срок действия до: 2026-09-14T16:45:15+04:00, осталось дней: 355
CheckValidCerts: Сертификат test.ru (ID: 1), срок действия до: 2026-09-15T08:36:39+04:00, осталось дней: 356
CheckValidCerts: Сертификат test33.ru (ID: 3), срок действия до: 2026-09-15T08:40:41+04:00, осталось дней: 356
CheckValidCerts: Сертификат TEST WEB (ID: 1), срок действия до: 2026-09-17T23:10:00+04:00, осталось дней: 358
CheckValidCerts: Сертификат asdf (ID: 2), срок действия до: 2026-09-17T23:10:04+04:00, осталось дней: 358
CheckValidCerts: Проверка валидности сертификатов завершена. Обновлены days_left для всех сертификатов. Обновлено статусов (истёкших): 0
CheckMonitor TCP: Чекер работает
CheckMonitor: Мониторинг выполняется
CheckMonitor RecreateCerts: Время разницы: 4.998943708s
CheckMonitor RecreateCerts: Чекер работает
RecreateCerts: Запуск проверки на пересоздание сертификатов
RecreateCerts: Проверка на пересоздание CA сертификатов завершена
RecreateCerts: Проверка на пересоздание серверных сертификатов завершена
RecreateCerts: Проверка на пересоздание пользовательских сертификатов завершена
CheckMonitor TCP: Чекер не работает
CheckMonitor: Мониторинг выполняется
TCP checker: Проверка доступности серверов началась
CheckMonitor RecreateCerts: Время разницы: 4.998820875s
CheckMonitor RecreateCerts: Чекер работает
RecreateCerts: Запуск проверки на пересоздание сертификатов
TCP checker: В базе данных нет серверов для проверки
RecreateCerts: Проверка на пересоздание CA сертификатов завершена
RecreateCerts: Проверка на пересоздание серверных сертификатов завершена
RecreateCerts: Проверка на пересоздание пользовательских сертификатов завершена
CheckMonitor TCP: Чекер работает
CheckMonitor: Мониторинг выполняется
CheckMonitor RecreateCerts: Время разницы: 4.999011917s
CheckMonitor RecreateCerts: Чекер работает
RecreateCerts: Запуск проверки на пересоздание сертификатов
RecreateCerts: Проверка на пересоздание CA сертификатов завершена
RecreateCerts: Проверка на пересоздание серверных сертификатов завершена
RecreateCerts: Проверка на пересоздание пользовательских сертификатов завершена
CheckMonitor TCP: Чекер не работает
CheckMonitor: Мониторинг выполняется
CheckMonitor RecreateCerts: Время разницы: 4.999211375s
CheckMonitor RecreateCerts: Чекер работает
TCP checker: Проверка доступности серверов началась
RecreateCerts: Запуск проверки на пересоздание сертификатов
TCP checker: В базе данных нет серверов для проверки
RecreateCerts: Проверка на пересоздание CA сертификатов завершена
RecreateCerts: Проверка на пересоздание серверных сертификатов завершена
RecreateCerts: Проверка на пересоздание пользовательских сертификатов завершена
CheckMonitor TCP: Чекер работает
CheckMonitor: Мониторинг выполняется
CheckMonitor RecreateCerts: Время разницы: 4.999090125s
CheckMonitor RecreateCerts: Чекер работает
RecreateCerts: Запуск проверки на пересоздание сертификатов
RecreateCerts: Проверка на пересоздание CA сертификатов завершена
RecreateCerts: Проверка на пересоздание серверных сертификатов завершена
RecreateCerts: Проверка на пересоздание пользовательских сертификатов завершена
CheckMonitor TCP: Чекер не работает
CheckMonitor: Мониторинг выполняется
TCP checker: Проверка доступности серверов началась
CheckMonitor RecreateCerts: Время разницы: 4.997997083s
CheckMonitor RecreateCerts: Чекер работает
CheckMonitor CheckValidCerts: Время разницы: 29.997776458s
CheckMonitor CheckValidCerts: Чекер работает
TCP checker: В базе данных нет серверов для проверки
RecreateCerts: Запуск проверки на пересоздание сертификатов
CheckValidCerts: Проверка валидности сертификатов начата
RecreateCerts: Проверка на пересоздание CA сертификатов завершена
RecreateCerts: Проверка на пересоздание серверных сертификатов завершена
RecreateCerts: Проверка на пересоздание пользовательских сертификатов завершена
CheckValidCerts: Найдено действующих сертификатов для проверки: серверные=2, пользовательские=2, CA=2, итого=6
CheckValidCerts: Сертификат TLSS Root CA (ID: 1), срок действия до: 2026-09-14T16:45:14+04:00, осталось дней: 355
CheckValidCerts: Сертификат TLSS Sub CA (ID: 2), срок действия до: 2026-09-14T16:45:15+04:00, осталось дней: 355
CheckValidCerts: Сертификат test.ru (ID: 1), срок действия до: 2026-09-15T08:36:39+04:00, осталось дней: 356
CheckValidCerts: Сертификат test33.ru (ID: 3), срок действия до: 2026-09-15T08:40:41+04:00, осталось дней: 356
CheckValidCerts: Сертификат TEST WEB (ID: 1), срок действия до: 2026-09-17T23:10:00+04:00, осталось дней: 358
CheckValidCerts: Сертификат asdf (ID: 2), срок действия до: 2026-09-17T23:10:04+04:00, осталось дней: 358
CheckValidCerts: Проверка валидности сертификатов завершена. Обновлены days_left для всех сертификатов. Обновлено статусов (истёкших): 0
CheckMonitor TCP: Чекер не работает
CheckMonitor: Мониторинг выполняется
RecreateCerts: Запуск проверки на пересоздание сертификатов
CheckMonitor RecreateCerts: Время разницы: 4.99869175s
CheckMonitor RecreateCerts: Чекер работает
RecreateCerts: Проверка на пересоздание CA сертификатов завершена
RecreateCerts: Проверка на пересоздание серверных сертификатов завершена
RecreateCerts: Проверка на пересоздание пользовательских сертификатов завершена
TCP checker: Проверка доступности серверов началась
CheckMonitor TCP: Чекер не работает
CheckMonitor: Мониторинг выполняется
CheckMonitor RecreateCerts: Время разницы: 4.997810292s
CheckMonitor RecreateCerts: Чекер работает
RecreateCerts: Запуск проверки на пересоздание сертификатов
TCP checker: В базе данных нет серверов для проверки
RecreateCerts: Проверка на пересоздание CA сертификатов завершена
RecreateCerts: Проверка на пересоздание серверных сертификатов завершена
RecreateCerts: Проверка на пересоздание пользовательских сертификатов завершена
CheckMonitor TCP: Чекер работает
CheckMonitor: Мониторинг выполняется
CheckMonitor RecreateCerts: Время разницы: 4.998367416s
CheckMonitor RecreateCerts: Чекер работает
RecreateCerts: Запуск проверки на пересоздание сертификатов
RecreateCerts: Проверка на пересоздание CA сертификатов завершена
RecreateCerts: Проверка на пересоздание серверных сертификатов завершена
RecreateCerts: Проверка на пересоздание пользовательских сертификатов завершена
CheckMonitor TCP: Чекер не работает
CheckMonitor: Мониторинг выполняется
CheckMonitor RecreateCerts: Время разницы: 4.999210958s
CheckMonitor RecreateCerts: Чекер работает
TCP checker: Проверка доступности серверов началась
TCP checker: В базе данных нет серверов для проверки
RecreateCerts: Запуск проверки на пересоздание сертификатов
RecreateCerts: Проверка на пересоздание CA сертификатов завершена
RecreateCerts: Проверка на пересоздание серверных сертификатов завершена
RecreateCerts: Проверка на пересоздание пользовательских сертификатов завершена
CheckMonitor TCP: Чекер работает
CheckMonitor: Мониторинг выполняется
RecreateCerts: Запуск проверки на пересоздание сертификатов
CheckMonitor RecreateCerts: Время разницы: 4.999770875s
CheckMonitor RecreateCerts: Чекер работает
RecreateCerts: Проверка на пересоздание CA сертификатов завершена
RecreateCerts: Проверка на пересоздание серверных сертификатов завершена
RecreateCerts: Проверка на пересоздание пользовательских сертификатов завершена
TCP checker: Проверка доступности серверов началась
CheckMonitor TCP: Чекер не работает
CheckMonitor: Мониторинг выполняется
CheckMonitor CheckValidCerts: Время разницы: 29.998095375s
CheckMonitor CheckValidCerts: Чекер работает
CheckMonitor RecreateCerts: Время разницы: 4.997841875s
CheckMonitor RecreateCerts: Чекер работает
RecreateCerts: Запуск проверки на пересоздание сертификатов
CheckValidCerts: Проверка валидности сертификатов начата
TCP checker: В базе данных нет серверов для проверки
RecreateCerts: Проверка на пересоздание CA сертификатов завершена
RecreateCerts: Проверка на пересоздание серверных сертификатов завершена
RecreateCerts: Проверка на пересоздание пользовательских сертификатов завершена
CheckValidCerts: Найдено действующих сертификатов для проверки: серверные=2, пользовательские=2, CA=2, итого=6
CheckValidCerts: Сертификат TLSS Root CA (ID: 1), срок действия до: 2026-09-14T16:45:14+04:00, осталось дней: 355
CheckValidCerts: Сертификат TLSS Sub CA (ID: 2), срок действия до: 2026-09-14T16:45:15+04:00, осталось дней: 355
CheckValidCerts: Сертификат test.ru (ID: 1), срок действия до: 2026-09-15T08:36:39+04:00, осталось дней: 356
CheckValidCerts: Сертификат test33.ru (ID: 3), срок действия до: 2026-09-15T08:40:41+04:00, осталось дней: 356
CheckValidCerts: Сертификат TEST WEB (ID: 1), срок действия до: 2026-09-17T23:10:00+04:00, осталось дней: 358
CheckValidCerts: Сертификат asdf (ID: 2), срок действия до: 2026-09-17T23:10:04+04:00, осталось дней: 358
CheckValidCerts: Проверка валидности сертификатов завершена. Обновлены days_left для всех сертификатов. Обновлено статусов (истёкших): 0
CheckMonitor TCP: Чекер работает
CheckMonitor: Мониторинг выполняется
RecreateCerts: Запуск проверки на пересоздание сертификатов
CheckMonitor RecreateCerts: Время разницы: 4.998906875s
CheckMonitor RecreateCerts: Чекер работает
RecreateCerts: Проверка на пересоздание CA сертификатов завершена
RecreateCerts: Проверка на пересоздание серверных сертификатов завершена
RecreateCerts: Проверка на пересоздание пользовательских сертификатов завершена
TCP checker: Проверка доступности серверов началась
CheckMonitor TCP: Чекер не работает
CheckMonitor: Мониторинг выполняется
CheckMonitor RecreateCerts: Время разницы: 4.9983065s
CheckMonitor RecreateCerts: Чекер работает
RecreateCerts: Запуск проверки на пересоздание сертификатов
TCP checker: В базе данных нет серверов для проверки
RecreateCerts: Проверка на пересоздание CA сертификатов завершена
RecreateCerts: Проверка на пересоздание серверных сертификатов завершена
RecreateCerts: Проверка на пересоздание пользовательских сертификатов завершена
CheckMonitor TCP: Чекер работает
CheckMonitor: Мониторинг выполняется
RecreateCerts: Запуск проверки на пересоздание сертификатов
CheckMonitor RecreateCerts: Время разницы: 4.999080958s
CheckMonitor RecreateCerts: Чекер работает
RecreateCerts: Проверка на пересоздание CA сертификатов завершена
RecreateCerts: Проверка на пересоздание серверных сертификатов завершена
RecreateCerts: Проверка на пересоздание пользовательских сертификатов завершена
CheckMonitor TCP: Чекер не работает
CheckMonitor: Мониторинг выполняется
TCP checker: Проверка доступности серверов началась
RecreateCerts: Запуск проверки на пересоздание сертификатов
CheckMonitor RecreateCerts: Время разницы: 4.998453542s
CheckMonitor RecreateCerts: Чекер работает
TCP checker: В базе данных нет серверов для проверки
RecreateCerts: Проверка на пересоздание CA сертификатов завершена
RecreateCerts: Проверка на пересоздание серверных сертификатов завершена
RecreateCerts: Проверка на пересоздание пользовательских сертификатов завершена
CheckMonitor TCP: Чекер работает
CheckMonitor: Мониторинг выполняется
RecreateCerts: Запуск проверки на пересоздание сертификатов
CheckMonitor RecreateCerts: Время разницы: 4.998410708s
CheckMonitor RecreateCerts: Чекер работает
RecreateCerts: Проверка на пересоздание CA сертификатов завершена
RecreateCerts: Проверка на пересоздание серверных сертификатов завершена
RecreateCerts: Проверка на пересоздание пользовательских сертификатов завершена
CheckMonitor TCP: Чекер не работает
CheckMonitor: Мониторинг выполняется
TCP checker: Проверка доступности серверов началась
RecreateCerts: Запуск проверки на пересоздание сертификатов
CheckMonitor CheckValidCerts: Время разницы: 29.998251958s
CheckMonitor CheckValidCerts: Чекер работает
CheckValidCerts: Проверка валидности сертификатов начата
CheckMonitor RecreateCerts: Время разницы: 4.997977333s
CheckMonitor RecreateCerts: Чекер работает
TCP checker: В базе данных нет серверов для проверки
RecreateCerts: Проверка на пересоздание CA сертификатов завершена
RecreateCerts: Проверка на пересоздание серверных сертификатов завершена
RecreateCerts: Проверка на пересоздание пользовательских сертификатов завершена
CheckValidCerts: Найдено действующих сертификатов для проверки: серверные=2, пользовательские=2, CA=2, итого=6
CheckValidCerts: Сертификат TLSS Root CA (ID: 1), срок действия до: 2026-09-14T16:45:14+04:00, осталось дней: 355
CheckValidCerts: Сертификат TLSS Sub CA (ID: 2), срок действия до: 2026-09-14T16:45:15+04:00, осталось дней: 355
CheckValidCerts: Сертификат test.ru (ID: 1), срок действия до: 2026-09-15T08:36:39+04:00, осталось дней: 356
CheckValidCerts: Сертификат test33.ru (ID: 3), срок действия до: 2026-09-15T08:40:41+04:00, осталось дней: 356
CheckValidCerts: Сертификат TEST WEB (ID: 1), срок действия до: 2026-09-17T23:10:00+04:00, осталось дней: 358
CheckValidCerts: Сертификат asdf (ID: 2), срок действия до: 2026-09-17T23:10:04+04:00, осталось дней: 358
CheckValidCerts: Проверка валидности сертификатов завершена. Обновлены days_left для всех сертификатов. Обновлено статусов (истёкших): 0
CheckMonitor TCP: Чекер работает
CheckMonitor: Мониторинг выполняется
RecreateCerts: Запуск проверки на пересоздание сертификатов
CheckMonitor RecreateCerts: Время разницы: 4.997909791s
CheckMonitor RecreateCerts: Чекер работает
RecreateCerts: Проверка на пересоздание CA сертификатов завершена
RecreateCerts: Проверка на пересоздание серверных сертификатов завершена
RecreateCerts: Проверка на пересоздание пользовательских сертификатов завершена
CheckMonitor TCP: Чекер не работает
CheckMonitor: Мониторинг выполняется
TCP checker: Проверка доступности серверов началась
CheckMonitor RecreateCerts: Время разницы: 4.997463417s
CheckMonitor RecreateCerts: Чекер работает
TCP checker: В базе данных нет серверов для проверки
RecreateCerts: Запуск проверки на пересоздание сертификатов
RecreateCerts: Проверка на пересоздание CA сертификатов завершена
RecreateCerts: Проверка на пересоздание серверных сертификатов завершена
RecreateCerts: Проверка на пересоздание пользовательских сертификатов завершена
